2020-02-19 15:34:54,060  kannan cvo_sizer_app::<module>()  INFO  (PID: 1512)>  test1
2020-02-19 15:34:54,061  kannan cvo_sizer_app::func()  INFO  (PID: 1512)>  test1
2020-02-19 15:34:54,061  kannan cvo_sizer_app::func()  ERROR  (PID: 1512)>  division by zero
Traceback (most recent call last):
  File "C:/Users/navaneek/Desktop/DesktopItems/Work/StorageGrid/Planning/cvo_sizer/cvo_sizer/cvo_sizer_app.py", line 28, in func
    1/0
ZeroDivisionError: division by zero
2020-02-19 15:34:57,596  kannan aws_sizing::get()  INFO  (PID: 1512)>  {'sizingId': '12345678', 'sizingType': 'FORWARD', 'sizingStatus': {'statusCode': 'SUCCESS', 'statusString': 'success message'}, 'cloudVendorType': 'AWS', 'isSingleNode': 'True', 'input': {'effectiveCapacityTiB': 10, 'throughput': 100, 'throughputType': 'MBPS', 'storageEfficiency': 3, 'rndReadPcnt': 25, 'rndReadBlockSize': '16KB', 'rndWritePcnt': 25, 'rndWriteBlockSize': '16KB', 'seqReadPcnt': 25, 'seqReadBlockSize': '16KB', 'seqWritePcnt': 25, 'seqWriteBlockSize': '16KB', 'flashCache': 'True', 'isSingleNode': 'True', 'isPerformanceDegradeOk': 'True', 'cloudVendor': 'AWS', 'licenseType': 'BYOL'}, 'totalBackend': {'tput': {'mbps': 13671.88, 'iops': 2312500}}, 'totalFrontend': {'tput': {'mbps': 13671.88, 'iops': 2312500, 'randomReadIops': 10000, 'randomWriteIops': 10000, 'seqReadIops': 10500, 'sequentialWriteIops': 26000, 'randomReadMbps': 45, 'randomWriteMbps': 50, 'seqReadMbps': 52, 'sequentialWriteMbps': 30}}, 'configs': [{'instanceType': 'c5d.4xlarge', 'diskType': 'GP2', 'numberInstance': 73, 'diskSize': '2TB', 'totalDisks': 143, 'flashCache': '900GB VMME', 'costIndex': 1, 'configDecidedBy': 'perf', 'cloudVendor': 'AWS'}, {'instanceType': 'm4.xlarge', 'diskType': 'GP2', 'numberInstance': 73, 'diskSize': '2TB', 'totalDisks': 143, 'flashCache': '900GB VMME', 'costIndex': 2, 'configDecidedBy': 'capacity', 'cloudVendor': 'AWS'}, {'instanceType': 'm4.2xlarge', 'diskType': 'GP2', 'numberInstance': 386, 'diskSize': '2TB', 'totalDisks': 386, 'flashCache': '400GB VMME', 'costIndex': 3, 'configDecidedBy': 'perf', 'cloudVendor': 'AWS'}]}
2020-02-21 15:05:11,363  kannan sgws_sizer_app::<module>()  INFO  (PID: 23488)>  test1
2020-02-21 15:05:20,384  kannan sgws_sizer_app::<module>()  INFO  (PID: 13584)>  test1
2020-02-21 15:08:01,088  kannan sgws_sizer_app::<module>()  INFO  (PID: 19440)>  test1
2020-02-21 15:08:55,971  kannan sgws_sizer_app::<module>()  INFO  (PID: 22372)>  test1
2020-02-21 15:11:12,606  kannan sgws_sizer_app::<module>()  INFO  (PID: 14524)>  test1
2020-02-21 15:12:24,204  kannan sgws_sizer_app::<module>()  INFO  (PID: 22092)>  test1
2020-02-21 15:14:26,160  kannan sgws_sizer_app::<module>()  INFO  (PID: 12472)>  test1
2020-02-21 15:18:12,582  kannan sgws_sizer_app::<module>()  INFO  (PID: 12860)>  test1
2020-02-21 15:22:08,145  kannan sgws_sizer_app::<module>()  INFO  (PID: 2748)>  test1
2020-02-21 15:25:13,235  kannan sgws_sizer_app::<module>()  INFO  (PID: 11284)>  test1
2020-02-21 15:26:58,669  kannan sgws_sizer_app::<module>()  INFO  (PID: 15740)>  test1
2020-02-21 15:29:07,094  kannan sgws_sizer_app::<module>()  INFO  (PID: 25300)>  test1
2020-02-21 15:29:49,002  kannan sgws_sizer_app::<module>()  INFO  (PID: 20104)>  test1
2020-02-21 15:30:17,175  kannan sgws_sizer_app::<module>()  INFO  (PID: 9608)>  test1
2020-02-21 15:30:40,822  kannan sgws_sizer_app::<module>()  INFO  (PID: 17300)>  test1
2020-02-21 15:34:33,406  kannan sgws_sizer_app::<module>()  INFO  (PID: 1244)>  test1
2020-02-21 15:34:39,536  kannan sgws_sizer_app::<module>()  INFO  (PID: 20504)>  test1
2020-02-21 15:39:32,734  kannan sgws_sizer_app::<module>()  INFO  (PID: 13976)>  test1
2020-02-21 15:40:06,299  kannan sgws_sizer_app::<module>()  INFO  (PID: 27296)>  test1
2020-02-21 15:41:55,664  kannan sgws_sizer_app::<module>()  INFO  (PID: 29556)>  test1
2020-02-21 15:43:51,290  kannan sgws_sizer_app::<module>()  INFO  (PID: 14028)>  test1
2020-02-21 15:49:01,184  kannan sgws_sizer_app::<module>()  INFO  (PID: 23764)>  test1
2020-02-21 15:49:36,518  kannan sgws_sizer_app::<module>()  INFO  (PID: 22124)>  test1
2020-02-21 15:50:09,587  kannan sgws_sizer_app::<module>()  INFO  (PID: 23864)>  test1
2020-02-21 13:42:15,745  kannan sgws_sizer_app::<module>()  INFO  (PID: 10532)>  test1
2020-02-21 13:42:35,470  kannan sgws_sizer_app::<module>()  INFO  (PID: 10641)>  test1
2020-02-22 00:37:09,870  kannan sgws_sizer_app::<module>()  INFO  (PID: 10648)>  test1
2020-02-22 00:38:07,191  kannan sgws_sizer_app::<module>()  INFO  (PID: 7640)>  test1
2020-02-23 00:39:48,638  kannan sgws_sizer_app::<module>()  INFO  (PID: 4168)>  test1
2020-02-23 00:40:17,147  kannan sgws_sizer_app::<module>()  INFO  (PID: 22020)>  test1
2020-02-23 00:43:14,208  kannan sgws_sizer_app::<module>()  INFO  (PID: 29772)>  test1
2020-02-23 00:44:03,174  kannan sgws_sizer_app::<module>()  INFO  (PID: 4544)>  test1
2020-02-23 00:45:01,359  kannan sgws_sizer_app::<module>()  INFO  (PID: 2384)>  test1
2020-02-23 00:51:26,734  kannan sgws_sizer_app::<module>()  INFO  (PID: 15376)>  test1
2020-02-23 00:52:33,436  kannan sgws_sizer_app::<module>()  INFO  (PID: 1864)>  test1
2020-02-23 00:55:28,663  kannan sgws_sizer_app::<module>()  INFO  (PID: 32316)>  test1
2020-02-23 00:56:11,397  kannan sgws_sizer_app::<module>()  INFO  (PID: 26292)>  test1
2020-02-23 00:58:43,079  kannan sgws_sizer_app::<module>()  INFO  (PID: 1548)>  test1
2020-02-23 00:59:52,853  kannan sgws_sizer_app::<module>()  INFO  (PID: 30752)>  test1
2020-02-23 01:01:51,409  kannan sgws_sizer_app::<module>()  INFO  (PID: 16792)>  test1
2020-02-23 01:02:06,561  kannan sgws_sizer_app::<module>()  INFO  (PID: 4012)>  test1
2020-02-23 01:11:02,023  kannan sgws_sizer_app::<module>()  INFO  (PID: 7528)>  test1
2020-02-23 01:11:07,361  kannan sgws_sizer_app::<module>()  INFO  (PID: 4312)>  test1
2020-02-23 01:11:35,006  kannan sgws_sizer_app::<module>()  INFO  (PID: 9808)>  test1
2020-02-23 01:11:41,458  kannan sgws_sizer_app::<module>()  INFO  (PID: 29336)>  test1
2020-02-23 01:14:25,937  kannan sgws_sizer_app::<module>()  INFO  (PID: 16572)>  test1
2020-02-23 01:14:29,933  kannan sgws_sizer_app::<module>()  INFO  (PID: 7336)>  test1
2020-02-23 01:15:13,424  kannan sgws_sizer_app::<module>()  INFO  (PID: 31864)>  test1
2020-02-23 01:16:14,157  kannan sgws_sizer_app::<module>()  INFO  (PID: 15600)>  test1
2020-02-23 01:16:19,699  kannan sgws_sizer_app::<module>()  INFO  (PID: 6904)>  test1
2020-02-23 01:17:32,764  kannan sgws_sizer_app::<module>()  INFO  (PID: 11656)>  test1
2020-02-23 01:18:27,234  kannan sgws_sizer_app::<module>()  INFO  (PID: 10340)>  test1
2020-02-23 01:20:55,488  kannan sgws_sizer_app::<module>()  INFO  (PID: 4008)>  test1
2020-02-23 01:22:43,989  kannan sgws_sizer_app::<module>()  INFO  (PID: 26700)>  test1
2020-02-23 01:25:21,533  kannan sgws_sizer_app::<module>()  INFO  (PID: 7416)>  test1
2020-02-23 01:36:54,492  kannan sgws_sizer_app::<module>()  INFO  (PID: 16968)>  test1
2020-02-23 01:38:04,938  kannan sgws_sizer_app::<module>()  INFO  (PID: 15672)>  test1
2020-02-23 01:38:09,597  kannan sgws_sizer_app::<module>()  INFO  (PID: 17812)>  test1
2020-02-23 01:39:11,124  kannan sgws_sizer_app::<module>()  INFO  (PID: 29864)>  test1
2020-02-23 01:39:53,472  kannan sgws_sizer_app::<module>()  INFO  (PID: 6200)>  test1
2020-02-23 01:39:58,693  kannan sgws_sizer_app::<module>()  INFO  (PID: 29768)>  test1
2020-02-23 01:40:37,543  kannan sgws_sizer_app::<module>()  INFO  (PID: 26812)>  test1
2020-02-23 01:41:52,707  kannan sgws_sizer_app::<module>()  INFO  (PID: 1980)>  test1
2020-02-23 01:42:32,917  kannan sgws_sizer_app::<module>()  INFO  (PID: 1232)>  test1
2020-02-23 01:43:23,407  kannan sgws_sizer_app::<module>()  INFO  (PID: 21920)>  test1
2020-02-23 01:43:35,376  kannan sgws_sizer_app::<module>()  INFO  (PID: 3128)>  test1
2020-02-23 01:44:14,957  kannan sgws_sizer_app::<module>()  INFO  (PID: 1188)>  test1
2020-02-23 01:46:03,134  kannan sgws_sizer_app::<module>()  INFO  (PID: 13572)>  test1
2020-02-23 01:46:40,419  kannan sgws_sizer_app::<module>()  INFO  (PID: 19996)>  test1
2020-02-23 01:49:20,887  kannan sgws_sizer_app::<module>()  INFO  (PID: 30876)>  test1
2020-02-23 01:49:46,924  kannan sgws_sizer_app::<module>()  INFO  (PID: 15616)>  test1
2020-02-23 01:50:58,503  kannan sgws_sizer_app::<module>()  INFO  (PID: 3664)>  test1
2020-02-23 01:51:41,906  kannan sgws_sizer_app::<module>()  INFO  (PID: 9452)>  test1
2020-02-23 01:52:52,559  kannan sgws_sizer_app::<module>()  INFO  (PID: 14348)>  test1
2020-02-23 01:55:47,443  kannan sgws_sizer_app::<module>()  INFO  (PID: 1864)>  test1
2020-02-23 02:03:43,903  kannan sgws_sizer_app::<module>()  INFO  (PID: 4084)>  test1
2020-02-23 02:04:27,616  kannan sgws_sizer_app::<module>()  INFO  (PID: 6464)>  test1
2020-02-23 02:04:59,444  kannan sgws_sizer_app::<module>()  INFO  (PID: 15592)>  test1
2020-02-23 02:05:58,050  kannan sgws_sizer_app::<module>()  INFO  (PID: 9884)>  test1
2020-02-23 02:06:15,603  kannan sgws_sizer_app::<module>()  INFO  (PID: 5516)>  test1
